./irRemote.py:10: RuntimeWarning: This channel is already in use, continuing anyway.  Use RPIO.setwarnings(False) to disable warnings.
  RPIO.setup(desktopLamp, RPIO.OUT)
['REFRESH']
['REFRESH']
['REFRESH']
['REFRESH']
['REFRESH']
['REFRESH']
['REFRESH']
['REFRESH']
['REFRESH']
['REFRESH']
['REFRESH']
['REFRESH']
[]
[]
['REFRESH']
['REFRESH']
['REFRESH']
['REFRESH']
[]
['REFRESH']
['REFRESH']
['REFRESH']
['REFRESH']
['REFRESH']
['REFRESH']
['REFRESH']
['REFRESH']
['REFRESH']
['REFRESH']
['REFRESH']
['REFRESH']
['REFRESH']
['REFRESH']
['REFRESH']
[]
['REFRESH']
[]
['REFRESH']
['REFRESH']
['REFRESH']
['REFRESH']
[]
[]
['REFRESH']
['REFRESH']
['REFRESH']
['REFRESH']
['REFRESH']
['REFRESH']
['REFRESH']
['REFRESH']
['REFRESH']
['REFRESH']
['REFRESH']
['REFRESH']
['REFRESH']
['REFRESH']
['REFRESH']
['REFRESH']
[]
[]
[]
['REFRESH']
['REFRESH']
[]
['REFRESH']
['REFRESH']
[]
['REFRESH']
['REFRESH']
[]
['REFRESH']
['REFRESH']
[]
[]
[]
[]
[]
[]
[]
['REFRESH']
['REFRESH']
['REFRESH']
['REFRESH']
['REFRESH']
['REFRESH']
['REFRESH']
['REFRESH']
['REFRESH']
['REFRESH']
[]
['REFRESH']
['REFRESH']
Traceback (most recent call last):
  File "./irRemote.py", line 14, in <module>
    code = lirc.nextcode()
  File "lirc.pyx", line 188, in lirc.nextcode (lirc/lirc.c:2147)
lirc.NextCodeError: There was an error reading the next code.
./irRemote.py:10: RuntimeWarning: This channel is already in use, continuing anyway.  Use RPIO.setwarnings(False) to disable warnings.
  RPIO.setup(desktopLamp, RPIO.OUT)
['FLIP']
['FLIP']
[]
['FLIP']
['FLIP']
[]
['FLIP']
[]
['FLIP']
[]
['FLIP']
['FLIP']
[]
['FLIP']
['FLIP']
['FLIP']
['FLIP']
['FLIP']
[]
['FLIP']
['FLIP']
['FLIP']
['FLIP']
['FLIP']
['FLIP']
[]
[]
[]
[]
['FLIP']
['FLIP']
['FLIP']
['FLIP']
[]
[]
[]
['FLIP']
[]
[]
['FLIP']
['FLIP']
[]
['FLIP']
['FLIP']
['FLIP']
['FLIP']
['FLIP']
['FLIP']
['FLIP']
['FLIP']
['FLIP']
['FLIP']
['FLIP']
['FLIP']
['FLIP']
['FLIP']
[]
['FLIP']
[]
[]
['FLIP']
[]
['FLIP']
['FLIP']
['FLIP']
['FLIP']
[]
['FLIP']
['FLIP']
[]
['FLIP']
['FLIP']
['FLIP']
['FLIP']
[]
['FLIP']
['FLIP']
['FLIP']
['FLIP']
['FLIP']
['FLIP']
['FLIP']
['FLIP']
['FLIP']
[]
[]
[]
[]
[]
[]
[]
[]
[]
[]
['FLIP']
[]
['FLIP']
['FLIP']
['FLIP']
['FLIP']
[]
['FLIP']
['FLIP']
[]
[]
['FLIP']
['FLIP']
['FLIP']
['FLIP']
[]
['FLIP']
['FLIP']
[]
['FLIP']
['FLIP']
['FLIP']
['FLIP']
['FLIP']
[]
['FLIP']
['FLIP']
['FLIP']
['FLIP']
['FLIP']
['FLIP']
['FLIP']
['FLIP']
['FLIP']
[]
['FLIP']
['FLIP']
[]
['FLIP']
['FLIP']
[]
['FLIP']
['FLIP']
['FLIP']
['FLIP']
[]
[]
[]
['FLIP']
['FLIP']
['FLIP']
['FLIP']
[]
[]
[]
[]
[]
[]
[]
[]
[]
[]
[]
[]
[]
['FLIP']
['FLIP']
[]
['FLIP']
['FLIP']
Traceback (most recent call last):
  File "./irRemote.py", line 14, in <module>
    code = lirc.nextcode()
  File "lirc.pyx", line 188, in lirc.nextcode (lirc/lirc.c:2147)
lirc.NextCodeError: There was an error reading the next code.
